<?xml version="1.0" encoding="UTF-8"?>
<!-- Generated by org.testng.reporters.JUnitXMLReporter -->
<testsuite ignored="0" hostname="LAPTOP-R1SEQE9U" failures="0" tests="6" name="Command line test" time="0.324" errors="0" timestamp="2020-05-09T23:30:00 BST">
  <testcase classname="mvnLearningPNaik.MavenTestJava.AppiumTest" name="Appium_Login" time="0.02"/>
  <testcase classname="mvnLearningPNaik.MavenTestJava.AppiumTest" name="Appium_Register" time="0.0"/>
  <testcase classname="mvnLearningPNaik.MavenTestJava.RestAPITest" name="RestAPI_Login" time="0.0"/>
  <testcase classname="mvnLearningPNaik.MavenTestJava.RestAPITest" name="RestAPI_Register" time="0.004"/>
  <testcase classname="mvnLearningPNaik.MavenTestJava.SeleniumTest" name="Selenium_Login" time="0.0"/>
  <testcase classname="mvnLearningPNaik.MavenTestJava.SeleniumTest" name="Selenium_Register" time="0.0"/>
</testsuite> <!-- Command line test -->
