<?xml version="1.0" encoding="UTF-8" ?>
<testsuite tests="6" failures="0" name="TestSuite" time="0.028" errors="0" skipped="0">
  <properties>
[...]
</properties>
  <testcase classname="mvnLearningPNaik.MavenTestJava.AppiumTest" name="Appium_Login" time="0.016"/>
  <testcase classname="mvnLearningPNaik.MavenTestJava.AppiumTest" name="Appium_Register" time="0"/>
  <testcase classname="mvnLearningPNaik.MavenTestJava.RestAPITest" name="RestAPI_Login" time="0.004"/>
  <testcase classname="mvnLearningPNaik.MavenTestJava.RestAPITest" name="RestAPI_Register" time="0"/>
  <testcase classname="mvnLearningPNaik.MavenTestJava.SeleniumTest" name="Selenium_Login" time="0.004"/>
  <testcase classname="mvnLearningPNaik.MavenTestJava.SeleniumTest" name="Selenium_Register" time="0.004"/>
</testsuite>