<?xml version="1.0" encoding="UTF-8"?>
<testng-results ignored="0" total="6" passed="6" failed="0" skipped="0">
  <reporter-output>
  </reporter-output>
  <suite started-at="2020-05-09T23:30:00 BST" name="Command line suite" finished-at="2020-05-09T23:30:00 BST" duration-ms="324">
    <groups>
    </groups>
    <test started-at="2020-05-09T23:30:00 BST" name="Command line test" finished-at="2020-05-09T23:30:00 BST" duration-ms="324">
      <class name="mvnLearningPNaik.MavenTestJava.AppiumTest">
        <test-method signature="Appium_Login()[pri:0, instance:mvnLearningPNaik.MavenTestJava.AppiumTest@7193666c]" started-at="2020-05-09T23:30:00 BST" name="Appium_Login" finished-at="2020-05-09T23:30:00 BST" duration-ms="20" status="PASS">
          <reporter-output>
          </reporter-output>
        </test-method> <!-- Appium_Login -->
        <test-method signature="Appium_Register()[pri:0, instance:mvnLearningPNaik.MavenTestJava.AppiumTest@7193666c]" started-at="2020-05-09T23:30:00 BST" name="Appium_Register" finished-at="2020-05-09T23:30:00 BST" duration-ms="0" status="PASS">
          <reporter-output>
          </reporter-output>
        </test-method> <!-- Appium_Register -->
      </class> <!-- mvnLearningPNaik.MavenTestJava.AppiumTest -->
      <class name="mvnLearningPNaik.MavenTestJava.RestAPITest">
        <test-method signature="RestAPI_Register()[pri:0, instance:mvnLearningPNaik.MavenTestJava.RestAPITest@20deea7f]" started-at="2020-05-09T23:30:00 BST" name="RestAPI_Register" finished-at="2020-05-09T23:30:00 BST" duration-ms="4" status="PASS">
          <reporter-output>
          </reporter-output>
        </test-method> <!-- RestAPI_Register -->
        <test-method signature="RestAPI_Login()[pri:0, instance:mvnLearningPNaik.MavenTestJava.RestAPITest@20deea7f]" started-at="2020-05-09T23:30:00 BST" name="RestAPI_Login" finished-at="2020-05-09T23:30:00 BST" duration-ms="0" status="PASS">
          <reporter-output>
          </reporter-output>
        </test-method> <!-- RestAPI_Login -->
      </class> <!-- mvnLearningPNaik.MavenTestJava.RestAPITest -->
      <class name="mvnLearningPNaik.MavenTestJava.SeleniumTest">
        <test-method signature="Selenium_Login()[pri:0, instance:mvnLearningPNaik.MavenTestJava.SeleniumTest@3835c46]" started-at="2020-05-09T23:30:00 BST" name="Selenium_Login" finished-at="2020-05-09T23:30:00 BST" duration-ms="0" status="PASS">
          <reporter-output>
          </reporter-output>
        </test-method> <!-- Selenium_Login -->
        <test-method signature="Selenium_Register()[pri:0, instance:mvnLearningPNaik.MavenTestJava.SeleniumTest@3835c46]" started-at="2020-05-09T23:30:00 BST" name="Selenium_Register" finished-at="2020-05-09T23:30:00 BST" duration-ms="0" status="PASS">
          <reporter-output>
          </reporter-output>
        </test-method> <!-- Selenium_Register -->
      </class> <!-- mvnLearningPNaik.MavenTestJava.SeleniumTest -->
    </test> <!-- Command line test -->
  </suite> <!-- Command line suite -->
</testng-results>
